<?xml version="1.0" encoding="UTF-8"?>
<testsuite name="com.example.Weather.web.impl.ForecastServiceRestImplTest" tests="1" skipped="0" failures="0" errors="0" timestamp="2020-04-03T12:49:29" hostname="DESKTOP-UD3FI8A" time="3.658">
  <properties/>
  <testcase name="getForecast()" classname="com.example.Weather.web.impl.ForecastServiceRestImplTest" time="3.658"/>
  <system-out><![CDATA[19:49:09.432 [Test worker] DEBUG org.springframework.test.context.BootstrapUtils - Instantiating CacheAwareContextLoaderDelegate from class [org.springframework.test.context.cache.DefaultCacheAwareContextLoaderDelegate]
19:49:09.481 [Test worker] DEBUG org.springframework.test.context.BootstrapUtils - Instantiating BootstrapContext using constructor [public org.springframework.test.context.support.DefaultBootstrapContext(java.lang.Class,org.springframework.test.context.CacheAwareContextLoaderDelegate)]
19:49:09.700 [Test worker] DEBUG org.springframework.test.context.BootstrapUtils - Instantiating TestContextBootstrapper for test class [com.example.Weather.web.impl.ForecastServiceRestImplTest] from class [org.springframework.boot.test.context.SpringBootTestContextBootstrapper]
19:49:09.805 [Test worker] INFO org.springframework.boot.test.context.SpringBootTestContextBootstrapper - Neither @ContextConfiguration nor @ContextHierarchy found for test class [com.example.Weather.web.impl.ForecastServiceRestImplTest], using SpringBootContextLoader
19:49:09.822 [Test worker] DEBUG org.springframework.test.context.support.AbstractContextLoader - Did not detect default resource location for test class [com.example.Weather.web.impl.ForecastServiceRestImplTest]: class path resource [com/example/Weather/web/impl/ForecastServiceRestImplTest-context.xml] does not exist
19:49:09.824 [Test worker] DEBUG org.springframework.test.context.support.AbstractContextLoader - Did not detect default resource location for test class [com.example.Weather.web.impl.ForecastServiceRestImplTest]: class path resource [com/example/Weather/web/impl/ForecastServiceRestImplTestContext.groovy] does not exist
19:49:09.826 [Test worker] INFO org.springframework.test.context.support.AbstractContextLoader - Could not detect default resource locations for test class [com.example.Weather.web.impl.ForecastServiceRestImplTest]: no resource found for suffixes {-context.xml, Context.groovy}.
19:49:09.828 [Test worker] INFO org.springframework.test.context.support.AnnotationConfigContextLoaderUtils - Could not detect default configuration classes for test class [com.example.Weather.web.impl.ForecastServiceRestImplTest]: ForecastServiceRestImplTest does not declare any static, non-private, non-final, nested classes annotated with @Configuration.
19:49:10.034 [Test worker] DEBUG org.springframework.test.context.support.ActiveProfilesUtils - Could not find an 'annotation declaring class' for annotation type [org.springframework.test.context.ActiveProfiles] and class [com.example.Weather.web.impl.ForecastServiceRestImplTest]
19:49:10.371 [Test worker] DEBUG org.springframework.context.annotation.ClassPathScanningCandidateComponentProvider - Identified candidate component class: file [D:\My Progect\Weather\Weather\build\classes\java\main\com\example\Weather\WeatherApplication.class]
19:49:10.375 [Test worker] INFO org.springframework.boot.test.context.SpringBootTestContextBootstrapper - Found @SpringBootConfiguration com.example.Weather.WeatherApplication for test class com.example.Weather.web.impl.ForecastServiceRestImplTest
19:49:10.993 [Test worker] DEBUG org.springframework.boot.test.context.SpringBootTestContextBootstrapper - @TestExecutionListeners is not present for class [com.example.Weather.web.impl.ForecastServiceRestImplTest]: using defaults.
19:49:10.999 [Test worker] INFO org.springframework.boot.test.context.SpringBootTestContextBootstrapper - Loaded default TestExecutionListener class names from location [META-INF/spring.factories]: [org.springframework.boot.test.autoconfigure.restdocs.RestDocsTestExecutionListener, org.springframework.boot.test.autoconfigure.web.client.MockRestServiceServerResetTestExecutionListener, org.springframework.boot.test.autoconfigure.web.servlet.MockMvcPrintOnlyOnFailureTestExecutionListener, org.springframework.boot.test.autoconfigure.web.servlet.WebDriverTestExecutionListener, org.springframework.boot.test.mock.mockito.MockitoTestExecutionListener, org.springframework.boot.test.mock.mockito.ResetMocksTestExecutionListener, org.springframework.test.context.web.ServletTestExecutionListener, org.springframework.test.context.support.DirtiesContextBeforeModesTestExecutionListener, org.springframework.test.context.support.DependencyInjectionTestExecutionListener, org.springframework.test.context.support.DirtiesContextTestExecutionListener, org.springframework.test.context.transaction.TransactionalTestExecutionListener, org.springframework.test.context.jdbc.SqlScriptsTestExecutionListener, org.springframework.test.context.event.EventPublishingTestExecutionListener]
19:49:11.239 [Test worker] INFO org.springframework.boot.test.context.SpringBootTestContextBootstrapper - Using TestExecutionListeners: [org.springframework.test.context.web.ServletTestExecutionListener@51058021, org.springframework.test.context.support.DirtiesContextBeforeModesTestExecutionListener@5a50e122, org.springframework.boot.test.mock.mockito.MockitoTestExecutionListener@6adb9cc5, org.springframework.boot.test.autoconfigure.SpringBootDependencyInjectionTestExecutionListener@5abf3d34, org.springframework.test.context.support.DirtiesContextTestExecutionListener@2746aaca, org.springframework.test.context.transaction.TransactionalTestExecutionListener@7ac206f1, org.springframework.test.context.jdbc.SqlScriptsTestExecutionListener@4cc990d8, org.springframework.test.context.event.EventPublishingTestExecutionListener@6fbc42e8, org.springframework.boot.test.autoconfigure.restdocs.RestDocsTestExecutionListener@7dbeb52f, org.springframework.boot.test.autoconfigure.web.client.MockRestServiceServerResetTestExecutionListener@17a1d1e7, org.springframework.boot.test.autoconfigure.web.servlet.MockMvcPrintOnlyOnFailureTestExecutionListener@176ecc9b, org.springframework.boot.test.autoconfigure.web.servlet.WebDriverTestExecutionListener@1ac8779c, org.springframework.boot.test.mock.mockito.ResetMocksTestExecutionListener@12d7be27]
19:49:11.272 [Test worker] DEBUG org.springframework.test.context.support.AbstractDirtiesContextTestExecutionListener - Before test class: context [DefaultTestContext@42b48ac3 testClass = ForecastServiceRestImplTest, testInstance = [null], testMethod = [null], testException = [null], mergedContextConfiguration = [WebMergedContextConfiguration@67ea0098 testClass = ForecastServiceRestImplTest, locations = '{}', classes = '{class com.example.Weather.WeatherApplication}', contextInitializerClasses = '[]', activeProfiles = '{}', propertySourceLocations = '{}', propertySourceProperties = '{spring.shell.interactive.enabled=false, spring.shell.script.spring.shell.script=false, org.springframework.boot.test.context.SpringBootTestContextBootstrapper=true}', contextCustomizers = set[org.springframework.boot.test.autoconfigure.properties.PropertyMappingContextCustomizer@0, org.springframework.boot.test.autoconfigure.web.servlet.WebDriverContextCustomizerFactory$Customizer@659a1f9b, org.springframework.boot.test.context.filter.ExcludeFilterContextCustomizer@1098e517, org.springframework.boot.test.json.DuplicateJsonObjectContextCustomizerFactory$DuplicateJsonObjectContextCustomizer@6a012f6e, org.springframework.boot.test.mock.mockito.MockitoContextCustomizer@0, org.springframework.boot.test.web.client.TestRestTemplateContextCustomizer@14c8ccc7], resourceBasePath = 'src/main/webapp', contextLoader = 'org.springframework.boot.test.context.SpringBootContextLoader', parent = [null]], attributes = map['org.springframework.test.context.web.ServletTestExecutionListener.activateListener' -> true]], class annotated with @DirtiesContext [false] with mode [null].
19:49:11.384 [Test worker] DEBUG org.springframework.test.context.support.TestPropertySourceUtils - Adding inlined properties to environment: {spring.jmx.enabled=false, spring.shell.interactive.enabled=false, spring.shell.script.spring.shell.script=false, org.springframework.boot.test.context.SpringBootTestContextBootstrapper=true, server.port=-1}

  .   ____          _            __ _ _
 /\\ / ___'_ __ _ _(_)_ __  __ _ \ \ \ \
( ( )\___ | '_ | '_| | '_ \/ _` | \ \ \ \
 \\/  ___)| |_)| | | | | || (_| |  ) ) ) )
  '  |____| .__|_| |_|_| |_\__, | / / / /
 =========|_|==============|___/=/_/_/_/
 :: Spring Boot ::        (v2.2.6.RELEASE)

2020-04-03 19:49:13.240  INFO 15020 --- [    Test worker] c.e.W.w.i.ForecastServiceRestImplTest    : Starting ForecastServiceRestImplTest on DESKTOP-UD3FI8A with PID 15020 (started by darks in D:\My Progect\Weather\Weather)
2020-04-03 19:49:13.246  INFO 15020 --- [    Test worker] c.e.W.w.i.ForecastServiceRestImplTest    : No active profile set, falling back to default profiles: default
2020-04-03 19:49:22.387  INFO 15020 --- [    Test worker] com.zaxxer.hikari.HikariDataSource       : HikariPool-1 - Starting...
2020-04-03 19:49:23.448  INFO 15020 --- [    Test worker] com.zaxxer.hikari.HikariDataSource       : HikariPool-1 - Start completed.
2020-04-03 19:49:25.930  INFO 15020 --- [    Test worker] o.s.s.concurrent.ThreadPoolTaskExecutor  : Initializing ExecutorService 'applicationTaskExecutor'
2020-04-03 19:49:26.997  INFO 15020 --- [    Test worker] o.s.b.a.h2.H2ConsoleAutoConfiguration    : H2 console available at '/h2-console'. Database available at 'jdbc:h2:file:./data/weather'
2020-04-03 19:49:28.647  WARN 15020 --- [    Test worker] org.jline                                : Unable to create a system terminal, creating a dumb terminal (enable debug logging for more information)
2020-04-03 19:49:29.145  INFO 15020 --- [    Test worker] c.e.W.w.i.ForecastServiceRestImplTest    : Started ForecastServiceRestImplTest in 17.73 seconds (JVM running for 31.533)
Krasnoyarsk 6.28℃
]]></system-out>
  <system-err><![CDATA[]]></system-err>
</testsuite>
